<?xml version="1.0" encoding="UTF-8"?>
<!-- Generated by org.testng.reporters.JUnitXMLReporter -->
<testsuite ignored="0" hostname="ADMIN-PC" failures="0" tests="6" name="Test" time="187.715" errors="0" timestamp="2025-01-14T11:58:50 IST">
  <testcase classname="com.testCases.TC_01_AccountRegistration" name="Register" time="9.59"/>
  <testcase classname="com.testCases.TC_02_Login" name="login" time="7.417"/>
  <testcase classname="com.testCases.TC_03_Login_DataDrivenTest" name="login_DDT" time="4.78"/>
  <testcase classname="com.testCases.TC_03_Login_DataDrivenTest" name="login_DDT" time="33.766"/>
  <testcase classname="com.testCases.TC_03_Login_DataDrivenTest" name="login_DDT" time="33.822"/>
  <testcase classname="com.testCases.TC_03_Login_DataDrivenTest" name="login_DDT" time="33.805"/>
</testsuite> <!-- Test -->
