<?xml version="1.0" encoding="UTF-8"?>
<!-- Generated by org.testng.reporters.JUnitXMLReporter -->
<testsuite ignored="0" hostname="ADMIN-PC" failures="0" tests="4" name="Test" time="180.087" errors="0" timestamp="2025-01-14T10:49:00 IST">
  <testcase classname="com.testCases.TC_03_Login_DataDrivenTest" name="login_DDT" time="7.447"/>
  <testcase classname="com.testCases.TC_03_Login_DataDrivenTest" name="login_DDT" time="33.854"/>
  <testcase classname="com.testCases.TC_03_Login_DataDrivenTest" name="login_DDT" time="34.356"/>
  <testcase classname="com.testCases.TC_03_Login_DataDrivenTest" name="login_DDT" time="33.871"/>
</testsuite> <!-- Test -->
