<?xml version="1.0" encoding="UTF-8"?>
<testng-results ignored="0" total="1" passed="1" failed="0" skipped="0">
  <reporter-output>
  </reporter-output>
  <suite started-at="2025-01-18T15:48:45 IST" name="Failed suite [Grouping Suite]" finished-at="2025-01-18T15:50:45 IST" duration-ms="119538">
    <groups>
      <group name="Master">
        <method signature="TC_01_AccountRegistration.Register()[pri:0, instance:com.testCases.TC_01_AccountRegistration@3a7442c7]" name="Register" class="com.testCases.TC_01_AccountRegistration"/>
      </group> <!-- Master -->
      <group name="Sanity">
        <method signature="TC_01_AccountRegistration.Register()[pri:0, instance:com.testCases.TC_01_AccountRegistration@3a7442c7]" name="Register" class="com.testCases.TC_01_AccountRegistration"/>
      </group> <!-- Sanity -->
      <group name="Regression">
        <method signature="TC_01_AccountRegistration.Register()[pri:0, instance:com.testCases.TC_01_AccountRegistration@3a7442c7]" name="Register" class="com.testCases.TC_01_AccountRegistration"/>
      </group> <!-- Regression -->
    </groups>
    <test started-at="2025-01-18T15:48:45 IST" name="Test(failed)" finished-at="2025-01-18T15:50:45 IST" duration-ms="119538">
      <class name="com.testCases.TC_01_AccountRegistration">
        <test-method is-config="true" signature="setup(java.lang.String)[pri:0, instance:com.testCases.TC_01_AccountRegistration@3a7442c7]" started-at="2025-01-18T15:48:46 IST" name="setup" finished-at="2025-01-18T15:50:13 IST" duration-ms="86966" status="PASS">
          <params>
            <param index="0">
              <value>
                <![CDATA[chrome]]>
              </value>
            </param>
          </params>
          <reporter-output>
          </reporter-output>
        </test-method> <!-- setup -->
        <test-method signature="Register()[pri:0, instance:com.testCases.TC_01_AccountRegistration@3a7442c7]" started-at="2025-01-18T15:50:13 IST" name="Register" finished-at="2025-01-18T15:50:33 IST" duration-ms="19288" status="PASS">
          <reporter-output>
          </reporter-output>
        </test-method> <!-- Register -->
        <test-method is-config="true" signature="tearDown()[pri:0, instance:com.testCases.TC_01_AccountRegistration@3a7442c7]" started-at="2025-01-18T15:50:34 IST" name="tearDown" finished-at="2025-01-18T15:50:44 IST" duration-ms="10214" status="PASS">
          <reporter-output>
          </reporter-output>
        </test-method> <!-- tearDown -->
      </class> <!-- com.testCases.TC_01_AccountRegistration -->
    </test> <!-- Test(failed) -->
  </suite> <!-- Failed suite [Grouping Suite] -->
</testng-results>
